#
# There is insufficient memory for the Java Runtime Environment to continue.
# Native memory allocation (malloc) failed to allocate 1048576 bytes. Error detail: AllocateHeap
# Possible reasons:
#   The system is out of physical RAM or swap space
#   This process is running with CompressedOops enabled, and the Java Heap may be blocking the growth of the native heap
# Possible solutions:
#   Reduce memory load on the system
#   Increase physical memory or swap space
#   Check if swap backing store is full
#   Decrease Java heap size (-Xmx/-Xms)
#   Decrease number of Java threads
#   Decrease Java thread stack sizes (-Xss)
#   Set larger code cache with -XX:ReservedCodeCacheSize=
#   JVM is running with Unscaled Compressed Oops mode in which the Java heap is
#     placed in the first 4GB address space. The Java Heap base address is the
#     maximum limit for the native heap growth. Please use -XX:HeapBaseMinAddress
#     to set the Java Heap base and to place the Java Heap above 4GB virtual address.
# This output file may be truncated or incomplete.
#
#  Out of Memory Error (allocation.cpp:44), pid=15340, tid=8652
#
# JRE version: OpenJDK Runtime Environment Temurin-21.0.10+7 (21.0.10+7) (build 21.0.10+7-LTS)
# Java VM: OpenJDK 64-Bit Server VM Temurin-21.0.10+7 (21.0.10+7-LTS, mixed mode, sharing, tiered, compressed oops, compressed class ptrs, parallel gc, windows-amd64)
# No core dump will be written. Minidumps are not enabled by default on client versions of Windows
#

---------------  S U M M A R Y ------------

Command Line: --add-modules=ALL-SYSTEM --add-opens=java.base/java.util=ALL-UNNAMED --add-opens=java.base/java.lang=ALL-UNNAMED --add-opens=java.base/sun.nio.fs=ALL-UNNAMED -Declipse.application=org.eclipse.jdt.ls.core.id1 -Dosgi.bundles.defaultStartLevel=4 -Declipse.product=org.eclipse.jdt.ls.core.product -Djava.import.generatesMetadataFilesAtProjectRoot=false -DDetectVMInstallationsJob.disabled=true -Dfile.encoding=utf8 -XX:+UseParallelGC -XX:GCTimeRatio=4 -XX:AdaptiveSizePolicyWeight=90 -Dsun.zip.disableMemoryMapping=true -Xmx2G -Xms100m -Xlog:disable -javaagent:c:\Users\migue\.vscode\extensions\redhat.java-1.53.0-win32-x64\lombok\lombok-1.18.39-4050.jar -XX:+HeapDumpOnOutOfMemoryError -XX:HeapDumpPath=c:\Users\migue\AppData\Roaming\Code\User\workspaceStorage\8976ede451be9424b29e7c57f4eaa9fb\redhat.java -Daether.dependencyCollector.impl=bf c:\Users\migue\.vscode\extensions\redhat.java-1.53.0-win32-x64\server\plugins\org.eclipse.equinox.launcher_1.7.100.v20251111-0406.jar -configuration c:\Users\migue\AppData\Roaming\Code\User\globalStorage\redhat.java\1.53.0\config_win -data c:\Users\migue\AppData\Roaming\Code\User\workspaceStorage\8976ede451be9424b29e7c57f4eaa9fb\redhat.java\jdt_ws --pipe=\\.\pipe\lsp-91f8175c91ccfd8445154426c71f5d86-sock

Host: 11th Gen Intel(R) Core(TM) i3-1115G4 @ 3.00GHz, 4 cores, 3G,  Windows 11 , 64 bit Build 26100 (10.0.26100.7920)
Time: Fri Apr  3 19:18:11 2026 Hora oficial do Brasil elapsed time: 3552.418376 seconds (0d 0h 59m 12s)

---------------  T H R E A D  ---------------

Current thread (0x0000022179990800):  JavaThread "Attach Listener" daemon [_thread_in_vm, id=8652, stack(0x0000007d12600000,0x0000007d12700000) (1024K)]

Stack: [0x0000007d12600000,0x0000007d12700000]
Native frames: (J=compiled Java code, j=interpreted, Vv=VM code, C=native code)
V  [jvm.dll+0x6d7a39]
V  [jvm.dll+0x8b4b26]
V  [jvm.dll+0x8b70de]
V  [jvm.dll+0x8b77c3]
V  [jvm.dll+0x284346]
V  [jvm.dll+0xc1277]
V  [jvm.dll+0x6d82e9]
V  [jvm.dll+0x1334a6]
V  [jvm.dll+0x3f857e]
V  [jvm.dll+0x85f59d]
V  [jvm.dll+0x6d626d]
C  [ucrtbase.dll+0x37b0]
C  [KERNEL32.DLL+0x2e8d7]
C  [ntdll.dll+0x8c48c]


---------------  P R O C E S S  ---------------

Threads class SMR info:
_java_thread_list=0x000002217a99a500, length=30, elements={
0x0000022160c69ec0, 0x0000022163059610, 0x000002216305bb50, 0x000002217998ff90,
0x0000022179990800, 0x0000022179993370, 0x0000022179993dd0, 0x0000022179996c20,
0x000002217999a650, 0x000002217a771160, 0x000002217a88ea00, 0x000002217f49da90,
0x000002217f49e120, 0x000002217f49e7b0, 0x000002217f49ee40, 0x000002217f49f4d0,
0x000002217f49fb60, 0x000002217f4a0880, 0x000002217f4a01f0, 0x0000022141d7a660,
0x0000022141d7c730, 0x0000022141d7ba10, 0x0000022141d7cdc0, 0x0000022141d7dae0,
0x0000022141d7acf0, 0x0000022141d7e800, 0x0000022141d7ee90, 0x0000022141d7f520,
0x0000022141d7c0a0, 0x0000022141d7fbb0
}

Java Threads: ( => current thread )
  0x0000022160c69ec0 JavaThread "main"                              [_thread_blocked, id=7816, stack(0x0000007d11f00000,0x0000007d12000000) (1024K)]
  0x0000022163059610 JavaThread "Reference Handler"          daemon [_thread_blocked, id=7788, stack(0x0000007d12300000,0x0000007d12400000) (1024K)]
  0x000002216305bb50 JavaThread "Finalizer"                  daemon [_thread_blocked, id=19780, stack(0x0000007d12400000,0x0000007d12500000) (1024K)]
  0x000002217998ff90 JavaThread "Signal Dispatcher"          daemon [_thread_blocked, id=18580, stack(0x0000007d12500000,0x0000007d12600000) (1024K)]
=>0x0000022179990800 JavaThread "Attach Listener"            daemon [_thread_in_vm, id=8652, stack(0x0000007d12600000,0x0000007d12700000) (1024K)]
  0x0000022179993370 JavaThread "Service Thread"             daemon [_thread_blocked, id=13728, stack(0x0000007d12700000,0x0000007d12800000) (1024K)]
  0x0000022179993dd0 JavaThread "Monitor Deflation Thread"   daemon [_thread_blocked, id=12952, stack(0x0000007d12800000,0x0000007d12900000) (1024K)]
  0x0000022179996c20 JavaThread "C2 CompilerThread0"         daemon [_thread_blocked, id=4272, stack(0x0000007d12900000,0x0000007d12a00000) (1024K)]
  0x000002217999a650 JavaThread "C1 CompilerThread0"         daemon [_thread_blocked, id=1148, stack(0x0000007d12a00000,0x0000007d12b00000) (1024K)]
  0x000002217a771160 JavaThread "Common-Cleaner"             daemon [_thread_blocked, id=6432, stack(0x0000007d12b00000,0x0000007d12c00000) (1024K)]
  0x000002217a88ea00 JavaThread "Notification Thread"        daemon [_thread_blocked, id=5488, stack(0x0000007d12c00000,0x0000007d12d00000) (1024K)]
  0x000002217f49da90 JavaThread "Active Thread: Equinox Container: 2a906493-33bc-4c94-b178-b5adef192d9d"        [_thread_blocked, id=8944, stack(0x0000007d13000000,0x0000007d13100000) (1024K)]
  0x000002217f49e120 JavaThread "Refresh Thread: Equinox Container: 2a906493-33bc-4c94-b178-b5adef192d9d" daemon [_thread_blocked, id=19464, stack(0x0000007d13100000,0x0000007d13200000) (1024K)]
  0x000002217f49e7b0 JavaThread "Framework Event Dispatcher: Equinox Container: 2a906493-33bc-4c94-b178-b5adef192d9d" daemon [_thread_blocked, id=8740, stack(0x0000007d13200000,0x0000007d13300000) (1024K)]
  0x000002217f49ee40 JavaThread "Start Level: Equinox Container: 2a906493-33bc-4c94-b178-b5adef192d9d" daemon [_thread_blocked, id=3016, stack(0x0000007d13300000,0x0000007d13400000) (1024K)]
  0x000002217f49f4d0 JavaThread "Bundle File Closer"         daemon [_thread_blocked, id=4880, stack(0x0000007d13400000,0x0000007d13500000) (1024K)]
  0x000002217f49fb60 JavaThread "SCR Component Actor"        daemon [_thread_blocked, id=2088, stack(0x0000007d13500000,0x0000007d13600000) (1024K)]
  0x000002217f4a0880 JavaThread "Worker-JM"                         [_thread_blocked, id=8980, stack(0x0000007d13600000,0x0000007d13700000) (1024K)]
  0x000002217f4a01f0 JavaThread "Worker-0"                          [_thread_blocked, id=6504, stack(0x0000007d13700000,0x0000007d13800000) (1024K)]
  0x0000022141d7a660 JavaThread "Java indexing"              daemon [_thread_blocked, id=7956, stack(0x0000007d13a00000,0x0000007d13b00000) (1024K)]
  0x0000022141d7c730 JavaThread "Worker-3"                          [_thread_blocked, id=9004, stack(0x0000007d13b00000,0x0000007d13c00000) (1024K)]
  0x0000022141d7ba10 JavaThread "JNA Cleaner"                daemon [_thread_blocked, id=13664, stack(0x0000007d13c00000,0x0000007d13d00000) (1024K)]
  0x0000022141d7cdc0 JavaThread "Thread-1"                   daemon [_thread_in_native, id=12560, stack(0x0000007d14200000,0x0000007d14300000) (1024K)]
  0x0000022141d7dae0 JavaThread "Thread-2"                   daemon [_thread_in_native, id=17364, stack(0x0000007d14300000,0x0000007d14400000) (1024K)]
  0x0000022141d7acf0 JavaThread "Thread-3"                   daemon [_thread_in_native, id=11344, stack(0x0000007d14400000,0x0000007d14500000) (1024K)]
  0x0000022141d7e800 JavaThread "Thread-4"                   daemon [_thread_in_native, id=11760, stack(0x0000007d14500000,0x0000007d14600000) (1024K)]
  0x0000022141d7ee90 JavaThread "Thread-5"                   daemon [_thread_in_native, id=11088, stack(0x0000007d14600000,0x0000007d14700000) (1024K)]
  0x0000022141d7f520 JavaThread "pool-2-thread-1"                   [_thread_blocked, id=16480, stack(0x0000007d14700000,0x0000007d14800000) (1024K)]
  0x0000022141d7c0a0 JavaThread "WorkspaceEventsHandler"            [_thread_blocked, id=17296, stack(0x0000007d14800000,0x0000007d14900000) (1024K)]
  0x0000022141d7fbb0 JavaThread "pool-1-thread-1"                   [_thread_blocked, id=14008, stack(0x0000007d14900000,0x0000007d14a00000) (1024K)]
Total: 30

Other Threads:
  0x000002217998f670 VMThread "VM Thread"                           [id=16924, stack(0x0000007d12200000,0x0000007d12300000) (1024K)]
  0x000002216300bc80 WatcherThread "VM Periodic Task Thread"        [id=16968, stack(0x0000007d12100000,0x0000007d12200000) (1024K)]
  0x0000022162fbca20 WorkerThread "GC Thread#0"                     [id=11724, stack(0x0000007d12000000,0x0000007d12100000) (1024K)]
  0x000002217a8c14b0 WorkerThread "GC Thread#1"                     [id=4928, stack(0x0000007d12d00000,0x0000007d12e00000) (1024K)]
  0x000002217f1b16e0 WorkerThread "GC Thread#2"                     [id=10672, stack(0x0000007d12e00000,0x0000007d12f00000) (1024K)]
  0x000002217f1d3900 WorkerThread "GC Thread#3"                     [id=4876, stack(0x0000007d12f00000,0x0000007d13000000) (1024K)]
Total: 6

Threads with active compile tasks:
Total: 0

VM state: not at safepoint (normal execution)

VM Mutex/Monitor currently owned by a thread: None

Heap address: 0x0000000080000000, size: 2048 MB, Compressed Oops mode: 32-bit

CDS archive(s) mapped at: [0x0000022100000000-0x0000022100ba0000-0x0000022100ba0000), size 12189696, SharedBaseAddress: 0x0000022100000000, ArchiveRelocationMode: 1.
Compressed class space mapped at: 0x0000022101000000-0x0000022141000000, reserved size: 1073741824
Narrow klass base: 0x0000022100000000, Narrow klass shift: 0, Narrow klass range: 0x100000000

GC Precious Log:
 CardTable entry size: 512
 CPUs: 4 total, 4 available
 Memory: 3879M
 Large Page Support: Disabled
 NUMA Support: Disabled
 Compressed Oops: Enabled (32-bit)
 Alignments: Space 512K, Generation 512K, Heap 2M
 Heap Min Capacity: 100M
 Heap Initial Capacity: 100M
 Heap Max Capacity: 2G
 Pre-touch: Disabled
 Parallel Workers: 4

Heap:
 PSYoungGen      total 3584K, used 2969K [0x00000000d5580000, 0x00000000d5c80000, 0x0000000100000000)
  eden space 3072K, 92% used [0x00000000d5580000,0x00000000d58464a8,0x00000000d5880000)
  from space 512K, 25% used [0x00000000d5b80000,0x00000000d5ba0000,0x00000000d5c00000)
  to   space 512K, 0% used [0x00000000d5c00000,0x00000000d5c00000,0x00000000d5c80000)
 ParOldGen       total 411136K, used 410948K [0x0000000080000000, 0x0000000099180000, 0x00000000d5580000)
  object space 411136K, 99% used [0x0000000080000000,0x00000000991513f8,0x0000000099180000)
 Metaspace       used 66402K, committed 67840K, reserved 1114112K
  class space    used 7139K, committed 7744K, reserved 1048576K

Card table byte_map: [0x0000022162940000,0x0000022162d50000] _byte_map_base: 0x0000022162540000

Marking Bits: (ParMarkBitMap*) 0x00007ff855173450
 Begin Bits: [0x0000022175450000, 0x0000022177450000)
 End Bits:   [0x0000022177450000, 0x0000022179450000)

Polling page: 0x0000022161040000

Metaspace:

Usage:
  Non-class:     57.87 MB used.
      Class:      6.97 MB used.
       Both:     64.85 MB used.

Virtual space:
  Non-class space:       64.00 MB reserved,      58.69 MB ( 92%) committed,  1 nodes.
      Class space:        1.00 GB reserved,       7.56 MB ( <1%) committed,  1 nodes.
             Both:        1.06 GB reserved,      66.25 MB (  6%) committed. 

Chunk freelists:
   Non-Class:  4.41 MB
       Class:  8.44 MB
        Both:  12.85 MB

MaxMetaspaceSize: unlimited
CompressedClassSpaceSize: 1.00 GB
Initial GC threshold: 21.00 MB
Current GC threshold: 97.31 MB
CDS: on
 - commit_granule_bytes: 65536.
 - commit_granule_words: 8192.
 - virtual_space_node_default_size: 8388608.
 - enlarge_chunks_in_place: 1.
 - use_allocation_guard: 0.


Internal statistics:

num_allocs_failed_limit: 9.
num_arena_births: 984.
num_arena_deaths: 14.
num_vsnodes_births: 2.
num_vsnodes_deaths: 0.
num_space_committed: 1060.
num_space_uncommitted: 0.
num_chunks_returned_to_freelist: 23.
num_chunks_taken_from_freelist: 3859.
num_chunk_merges: 15.
num_chunk_splits: 2382.
num_chunks_enlarged: 1373.
num_inconsistent_stats: 0.

CodeHeap 'non-profiled nmethods': size=120000Kb used=8806Kb max_used=8806Kb free=111193Kb
 bounds [0x000002216dc70000, 0x000002216e510000, 0x00000221751a0000]
CodeHeap 'profiled nmethods': size=120000Kb used=22108Kb max_used=22108Kb free=97891Kb
 bounds [0x00000221661a0000, 0x0000022167740000, 0x000002216d6d0000]
CodeHeap 'non-nmethods': size=5760Kb used=1485Kb max_used=1564Kb free=4275Kb
 bounds [0x000002216d6d0000, 0x000002216d940000, 0x000002216dc70000]
CodeCache: size=245760Kb, used=32399Kb, max_used=32478Kb, free=213359Kb
 total_blobs=10708, nmethods=9917, adapters=697, full_count=0
Compilation: enabled, stopped_count=0, restarted_count=0

Compilation events (20 events):
Event: 3371.200 Thread 0x000002217999a650 10676   !   3       org.eclipse.lsp4j.jsonrpc.services.EndpointProxy::invoke (208 bytes)
Event: 3371.264 Thread 0x000002217999a650 nmethod 10676 0x000002216772d810 code [0x000002216772dce0, 0x00000221677301d0]
Event: 3371.264 Thread 0x000002217999a650 10677       3       org.eclipse.lsp4j.jsonrpc.services.EndpointProxy::getParams (22 bytes)
Event: 3371.265 Thread 0x000002217999a650 nmethod 10677 0x0000022167730d10 code [0x0000022167730f20, 0x00000221677314c0]
Event: 3371.265 Thread 0x000002217999a650 10678       3       org.eclipse.lsp4j.jsonrpc.json.adapters.MessageTypeAdapter::isWrapperType (60 bytes)
Event: 3371.266 Thread 0x000002217999a650 nmethod 10678 0x0000022167731710 code [0x00000221677318c0, 0x0000022167731bd0]
Event: 3516.534 Thread 0x000002217999a650 10679       1       org.eclipse.osgi.internal.location.BasicLocation::isReadOnly (5 bytes)
Event: 3516.546 Thread 0x000002217999a650 nmethod 10679 0x000002216e509890 code [0x000002216e509a20, 0x000002216e509af0]
Event: 3547.314 Thread 0x000002217999a650 10680       3       org.eclipse.core.internal.resources.Resource::isTeamPrivateMember (51 bytes)
Event: 3547.380 Thread 0x000002217999a650 nmethod 10680 0x0000022167731c90 code [0x0000022167731ea0, 0x0000022167732668]
Event: 3547.503 Thread 0x000002217999a650 10681       3       org.eclipse.core.internal.resources.MarkerManager::getChangeId (8 bytes)
Event: 3547.512 Thread 0x000002217999a650 nmethod 10681 0x0000022167732890 code [0x0000022167732a20, 0x0000022167732b58]
Event: 3548.292 Thread 0x000002217999a650 10682       3       org.eclipse.core.internal.resources.Resource::checkExists (38 bytes)
Event: 3548.303 Thread 0x000002217999a650 nmethod 10682 0x0000022167732c10 code [0x0000022167732e20, 0x0000022167733498]
Event: 3548.359 Thread 0x000002217999a650 10683       3       java.util.Formatter$FormatSpecifier::localizedMagnitude (381 bytes)
Event: 3548.399 Thread 0x000002217999a650 nmethod 10683 0x0000022167733690 code [0x0000022167733ac0, 0x0000022167735780]
Event: 3548.399 Thread 0x000002217999a650 10684       3       java.util.Formatter::getZero (17 bytes)
Event: 3548.400 Thread 0x000002217999a650 nmethod 10684 0x0000022167736510 code [0x00000221677366e0, 0x0000022167736a00]
Event: 3548.400 Thread 0x000002217999a650 10685       3       java.util.Formatter::getDecimalFormatSymbols (32 bytes)
Event: 3548.400 Thread 0x000002217999a650 nmethod 10685 0x0000022167736b90 code [0x0000022167736d60, 0x0000022167736fc0]

GC Heap History (20 events):
Event: 47.740 GC heap before
{Heap before GC invocations=445 (full 3):
 PSYoungGen      total 5120K, used 3554K [0x00000000d5580000, 0x00000000d5d80000, 0x0000000100000000)
  eden space 3072K, 99% used [0x00000000d5580000,0x00000000d587fae0,0x00000000d5880000)
  from space 2048K, 23% used [0x00000000d5a00000,0x00000000d5a78e18,0x00000000d5c00000)
  to   space 1024K, 0% used [0x00000000d5c80000,0x00000000d5c80000,0x00000000d5d80000)
 ParOldGen       total 408064K, used 407804K [0x0000000080000000, 0x0000000098e80000, 0x00000000d5580000)
  object space 408064K, 99% used [0x0000000080000000,0x0000000098e3f248,0x0000000098e80000)
 Metaspace       used 65037K, committed 66368K, reserved 1114112K
  class space    used 7000K, committed 7552K, reserved 1048576K
}
Event: 47.742 GC heap after
{Heap after GC invocations=445 (full 3):
 PSYoungGen      total 3584K, used 384K [0x00000000d5580000, 0x00000000d5d00000, 0x0000000100000000)
  eden space 3072K, 0% used [0x00000000d5580000,0x00000000d5580000,0x00000000d5880000)
  from space 512K, 75% used [0x00000000d5c80000,0x00000000d5ce0000,0x00000000d5d00000)
  to   space 512K, 0% used [0x00000000d5c00000,0x00000000d5c00000,0x00000000d5c80000)
 ParOldGen       total 408576K, used 408204K [0x0000000080000000, 0x0000000098f00000, 0x00000000d5580000)
  object space 408576K, 99% used [0x0000000080000000,0x0000000098ea3000,0x0000000098f00000)
 Metaspace       used 65037K, committed 66368K, reserved 1114112K
  class space    used 7000K, committed 7552K, reserved 1048576K
}
Event: 47.828 GC heap before
{Heap before GC invocations=446 (full 3):
 PSYoungGen      total 3584K, used 3456K [0x00000000d5580000, 0x00000000d5d00000, 0x0000000100000000)
  eden space 3072K, 100% used [0x00000000d5580000,0x00000000d5880000,0x00000000d5880000)
  from space 512K, 75% used [0x00000000d5c80000,0x00000000d5ce0000,0x00000000d5d00000)
  to   space 512K, 0% used [0x00000000d5c00000,0x00000000d5c00000,0x00000000d5c80000)
 ParOldGen       total 408576K, used 408204K [0x0000000080000000, 0x0000000098f00000, 0x00000000d5580000)
  object space 408576K, 99% used [0x0000000080000000,0x0000000098ea3000,0x0000000098f00000)
 Metaspace       used 65325K, committed 66688K, reserved 1114112K
  class space    used 7037K, committed 7616K, reserved 1048576K
}
Event: 47.831 GC heap after
{Heap after GC invocations=446 (full 3):
 PSYoungGen      total 3584K, used 192K [0x00000000d5580000, 0x00000000d5d00000, 0x0000000100000000)
  eden space 3072K, 0% used [0x00000000d5580000,0x00000000d5580000,0x00000000d5880000)
  from space 512K, 37% used [0x00000000d5c00000,0x00000000d5c30000,0x00000000d5c80000)
  to   space 512K, 0% used [0x00000000d5c80000,0x00000000d5c80000,0x00000000d5d00000)
 ParOldGen       total 408576K, used 408519K [0x0000000080000000, 0x0000000098f00000, 0x00000000d5580000)
  object space 408576K, 99% used [0x0000000080000000,0x0000000098ef1c08,0x0000000098f00000)
 Metaspace       used 65325K, committed 66688K, reserved 1114112K
  class space    used 7037K, committed 7616K, reserved 1048576K
}
Event: 47.855 GC heap before
{Heap before GC invocations=447 (full 3):
 PSYoungGen      total 3584K, used 3264K [0x00000000d5580000, 0x00000000d5d00000, 0x0000000100000000)
  eden space 3072K, 100% used [0x00000000d5580000,0x00000000d5880000,0x00000000d5880000)
  from space 512K, 37% used [0x00000000d5c00000,0x00000000d5c30000,0x00000000d5c80000)
  to   space 512K, 0% used [0x00000000d5c80000,0x00000000d5c80000,0x00000000d5d00000)
 ParOldGen       total 408576K, used 408519K [0x0000000080000000, 0x0000000098f00000, 0x00000000d5580000)
  object space 408576K, 99% used [0x0000000080000000,0x0000000098ef1c08,0x0000000098f00000)
 Metaspace       used 65357K, committed 66752K, reserved 1114112K
  class space    used 7040K, committed 7616K, reserved 1048576K
}
Event: 47.857 GC heap after
{Heap after GC invocations=447 (full 3):
 PSYoungGen      total 3584K, used 485K [0x00000000d5580000, 0x00000000d5d00000, 0x0000000100000000)
  eden space 3072K, 0% used [0x00000000d5580000,0x00000000d5580000,0x00000000d5880000)
  from space 512K, 94% used [0x00000000d5c80000,0x00000000d5cf9618,0x00000000d5d00000)
  to   space 1536K, 0% used [0x00000000d5a00000,0x00000000d5a00000,0x00000000d5b80000)
 ParOldGen       total 409088K, used 409042K [0x0000000080000000, 0x0000000098f80000, 0x00000000d5580000)
  object space 409088K, 99% used [0x0000000080000000,0x0000000098f74a20,0x0000000098f80000)
 Metaspace       used 65357K, committed 66752K, reserved 1114112K
  class space    used 7040K, committed 7616K, reserved 1048576K
}
Event: 47.874 GC heap before
{Heap before GC invocations=448 (full 3):
 PSYoungGen      total 3584K, used 3557K [0x00000000d5580000, 0x00000000d5d00000, 0x0000000100000000)
  eden space 3072K, 100% used [0x00000000d5580000,0x00000000d5880000,0x00000000d5880000)
  from space 512K, 94% used [0x00000000d5c80000,0x00000000d5cf9618,0x00000000d5d00000)
  to   space 1536K, 0% used [0x00000000d5a00000,0x00000000d5a00000,0x00000000d5b80000)
 ParOldGen       total 409088K, used 409042K [0x0000000080000000, 0x0000000098f80000, 0x00000000d5580000)
  object space 409088K, 99% used [0x0000000080000000,0x0000000098f74a20,0x0000000098f80000)
 Metaspace       used 65488K, committed 66880K, reserved 1114112K
  class space    used 7045K, committed 7616K, reserved 1048576K
}
Event: 47.876 GC heap after
{Heap after GC invocations=448 (full 3):
 PSYoungGen      total 4608K, used 263K [0x00000000d5580000, 0x00000000d5d00000, 0x0000000100000000)
  eden space 3072K, 0% used [0x00000000d5580000,0x00000000d5580000,0x00000000d5880000)
  from space 1536K, 17% used [0x00000000d5a00000,0x00000000d5a41ee0,0x00000000d5b80000)
  to   space 1024K, 0% used [0x00000000d5c00000,0x00000000d5c00000,0x00000000d5d00000)
 ParOldGen       total 409600K, used 409454K [0x0000000080000000, 0x0000000099000000, 0x00000000d5580000)
  object space 409600K, 99% used [0x0000000080000000,0x0000000098fdb890,0x0000000099000000)
 Metaspace       used 65488K, committed 66880K, reserved 1114112K
  class space    used 7045K, committed 7616K, reserved 1048576K
}
Event: 113.635 GC heap before
{Heap before GC invocations=449 (full 3):
 PSYoungGen      total 4608K, used 3335K [0x00000000d5580000, 0x00000000d5d00000, 0x0000000100000000)
  eden space 3072K, 100% used [0x00000000d5580000,0x00000000d5880000,0x00000000d5880000)
  from space 1536K, 17% used [0x00000000d5a00000,0x00000000d5a41ee0,0x00000000d5b80000)
  to   space 1024K, 0% used [0x00000000d5c00000,0x00000000d5c00000,0x00000000d5d00000)
 ParOldGen       total 409600K, used 409454K [0x0000000080000000, 0x0000000099000000, 0x00000000d5580000)
  object space 409600K, 99% used [0x0000000080000000,0x0000000098fdb890,0x0000000099000000)
 Metaspace       used 65787K, committed 67200K, reserved 1114112K
  class space    used 7087K, committed 7680K, reserved 1048576K
}
Event: 113.938 GC heap after
{Heap after GC invocations=449 (full 3):
 PSYoungGen      total 3584K, used 192K [0x00000000d5580000, 0x00000000d5c80000, 0x0000000100000000)
  eden space 3072K, 0% used [0x00000000d5580000,0x00000000d5580000,0x00000000d5880000)
  from space 512K, 37% used [0x00000000d5c00000,0x00000000d5c30000,0x00000000d5c80000)
  to   space 512K, 0% used [0x00000000d5b80000,0x00000000d5b80000,0x00000000d5c00000)
 ParOldGen       total 409600K, used 409589K [0x0000000080000000, 0x0000000099000000, 0x00000000d5580000)
  object space 409600K, 99% used [0x0000000080000000,0x0000000098ffd770,0x0000000099000000)
 Metaspace       used 65787K, committed 67200K, reserved 1114112K
  class space    used 7087K, committed 7680K, reserved 1048576K
}
Event: 121.744 GC heap before
{Heap before GC invocations=450 (full 3):
 PSYoungGen      total 3584K, used 3264K [0x00000000d5580000, 0x00000000d5c80000, 0x0000000100000000)
  eden space 3072K, 100% used [0x00000000d5580000,0x00000000d5880000,0x00000000d5880000)
  from space 512K, 37% used [0x00000000d5c00000,0x00000000d5c30000,0x00000000d5c80000)
  to   space 512K, 0% used [0x00000000d5b80000,0x00000000d5b80000,0x00000000d5c00000)
 ParOldGen       total 409600K, used 409589K [0x0000000080000000, 0x0000000099000000, 0x00000000d5580000)
  object space 409600K, 99% used [0x0000000080000000,0x0000000098ffd770,0x0000000099000000)
 Metaspace       used 65948K, committed 67328K, reserved 1114112K
  class space    used 7121K, committed 7680K, reserved 1048576K
}
Event: 121.751 GC heap after
{Heap after GC invocations=450 (full 3):
 PSYoungGen      total 3584K, used 487K [0x00000000d5580000, 0x00000000d5c80000, 0x0000000100000000)
  eden space 3072K, 0% used [0x00000000d5580000,0x00000000d5580000,0x00000000d5880000)
  from space 512K, 95% used [0x00000000d5b80000,0x00000000d5bf9c68,0x00000000d5c00000)
  to   space 512K, 0% used [0x00000000d5c00000,0x00000000d5c00000,0x00000000d5c80000)
 ParOldGen       total 410624K, used 410316K [0x0000000080000000, 0x0000000099100000, 0x00000000d5580000)
  object space 410624K, 99% used [0x0000000080000000,0x00000000990b33d8,0x0000000099100000)
 Metaspace       used 65948K, committed 67328K, reserved 1114112K
  class space    used 7121K, committed 7680K, reserved 1048576K
}
Event: 125.734 GC heap before
{Heap before GC invocations=451 (full 3):
 PSYoungGen      total 3584K, used 3559K [0x00000000d5580000, 0x00000000d5c80000, 0x0000000100000000)
  eden space 3072K, 100% used [0x00000000d5580000,0x00000000d5880000,0x00000000d5880000)
  from space 512K, 95% used [0x00000000d5b80000,0x00000000d5bf9c68,0x00000000d5c00000)
  to   space 512K, 0% used [0x00000000d5c00000,0x00000000d5c00000,0x00000000d5c80000)
 ParOldGen       total 410624K, used 410316K [0x0000000080000000, 0x0000000099100000, 0x00000000d5580000)
  object space 410624K, 99% used [0x0000000080000000,0x00000000990b33d8,0x0000000099100000)
 Metaspace       used 66125K, committed 67456K, reserved 1114112K
  class space    used 7133K, committed 7680K, reserved 1048576K
}
Event: 125.944 GC heap after
{Heap after GC invocations=451 (full 3):
 PSYoungGen      total 3584K, used 352K [0x00000000d5580000, 0x00000000d5c80000, 0x0000000100000000)
  eden space 3072K, 0% used [0x00000000d5580000,0x00000000d5580000,0x00000000d5880000)
  from space 512K, 68% used [0x00000000d5c00000,0x00000000d5c58000,0x00000000d5c80000)
  to   space 1024K, 0% used [0x00000000d5a80000,0x00000000d5a80000,0x00000000d5b80000)
 ParOldGen       total 410624K, used 410540K [0x0000000080000000, 0x0000000099100000, 0x00000000d5580000)
  object space 410624K, 99% used [0x0000000080000000,0x00000000990eb3d8,0x0000000099100000)
 Metaspace       used 66125K, committed 67456K, reserved 1114112K
  class space    used 7133K, committed 7680K, reserved 1048576K
}
Event: 306.355 GC heap before
{Heap before GC invocations=452 (full 3):
 PSYoungGen      total 3584K, used 3360K [0x00000000d5580000, 0x00000000d5c80000, 0x0000000100000000)
  eden space 3072K, 97% used [0x00000000d5580000,0x00000000d58703f8,0x00000000d5880000)
  from space 512K, 68% used [0x00000000d5c00000,0x00000000d5c58000,0x00000000d5c80000)
  to   space 1024K, 0% used [0x00000000d5a80000,0x00000000d5a80000,0x00000000d5b80000)
 ParOldGen       total 410624K, used 410540K [0x0000000080000000, 0x0000000099100000, 0x00000000d5580000)
  object space 410624K, 99% used [0x0000000080000000,0x00000000990eb3d8,0x0000000099100000)
 Metaspace       used 66218K, committed 67584K, reserved 1114112K
  class space    used 7136K, committed 7680K, reserved 1048576K
}
Event: 306.728 GC heap after
{Heap after GC invocations=452 (full 3):
 PSYoungGen      total 4096K, used 416K [0x00000000d5580000, 0x00000000d5c80000, 0x0000000100000000)
  eden space 3072K, 0% used [0x00000000d5580000,0x00000000d5580000,0x00000000d5880000)
  from space 1024K, 40% used [0x00000000d5a80000,0x00000000d5ae8030,0x00000000d5b80000)
  to   space 512K, 0% used [0x00000000d5c00000,0x00000000d5c00000,0x00000000d5c80000)
 ParOldGen       total 411136K, used 410828K [0x0000000080000000, 0x0000000099180000, 0x00000000d5580000)
  object space 411136K, 99% used [0x0000000080000000,0x00000000991333d8,0x0000000099180000)
 Metaspace       used 66218K, committed 67584K, reserved 1114112K
  class space    used 7136K, committed 7680K, reserved 1048576K
}
Event: 971.204 GC heap before
{Heap before GC invocations=453 (full 3):
 PSYoungGen      total 4096K, used 3488K [0x00000000d5580000, 0x00000000d5c80000, 0x0000000100000000)
  eden space 3072K, 100% used [0x00000000d5580000,0x00000000d5880000,0x00000000d5880000)
  from space 1024K, 40% used [0x00000000d5a80000,0x00000000d5ae8030,0x00000000d5b80000)
  to   space 512K, 0% used [0x00000000d5c00000,0x00000000d5c00000,0x00000000d5c80000)
 ParOldGen       total 411136K, used 410828K [0x0000000080000000, 0x0000000099180000, 0x00000000d5580000)
  object space 411136K, 99% used [0x0000000080000000,0x00000000991333d8,0x0000000099180000)
 Metaspace       used 66260K, committed 67648K, reserved 1114112K
  class space    used 7138K, committed 7680K, reserved 1048576K
}
Event: 971.699 GC heap after
{Heap after GC invocations=453 (full 3):
 PSYoungGen      total 3584K, used 128K [0x00000000d5580000, 0x00000000d5c80000, 0x0000000100000000)
  eden space 3072K, 0% used [0x00000000d5580000,0x00000000d5580000,0x00000000d5880000)
  from space 512K, 25% used [0x00000000d5c00000,0x00000000d5c20000,0x00000000d5c80000)
  to   space 512K, 0% used [0x00000000d5b80000,0x00000000d5b80000,0x00000000d5c00000)
 ParOldGen       total 411136K, used 410916K [0x0000000080000000, 0x0000000099180000, 0x00000000d5580000)
  object space 411136K, 99% used [0x0000000080000000,0x00000000991493f8,0x0000000099180000)
 Metaspace       used 66260K, committed 67648K, reserved 1114112K
  class space    used 7138K, committed 7680K, reserved 1048576K
}
Event: 2239.732 GC heap before
{Heap before GC invocations=454 (full 3):
 PSYoungGen      total 3584K, used 3192K [0x00000000d5580000, 0x00000000d5c80000, 0x0000000100000000)
  eden space 3072K, 99% used [0x00000000d5580000,0x00000000d587e1b0,0x00000000d5880000)
  from space 512K, 25% used [0x00000000d5c00000,0x00000000d5c20000,0x00000000d5c80000)
  to   space 512K, 0% used [0x00000000d5b80000,0x00000000d5b80000,0x00000000d5c00000)
 ParOldGen       total 411136K, used 410916K [0x0000000080000000, 0x0000000099180000, 0x00000000d5580000)
  object space 411136K, 99% used [0x0000000080000000,0x00000000991493f8,0x0000000099180000)
 Metaspace       used 66335K, committed 67648K, reserved 1114112K
  class space    used 7138K, committed 7680K, reserved 1048576K
}
Event: 2240.108 GC heap after
{Heap after GC invocations=454 (full 3):
 PSYoungGen      total 3584K, used 128K [0x00000000d5580000, 0x00000000d5c80000, 0x0000000100000000)
  eden space 3072K, 0% used [0x00000000d5580000,0x00000000d5580000,0x00000000d5880000)
  from space 512K, 25% used [0x00000000d5b80000,0x00000000d5ba0000,0x00000000d5c00000)
  to   space 512K, 0% used [0x00000000d5c00000,0x00000000d5c00000,0x00000000d5c80000)
 ParOldGen       total 411136K, used 410948K [0x0000000080000000, 0x0000000099180000, 0x00000000d5580000)
  object space 411136K, 99% used [0x0000000080000000,0x00000000991513f8,0x0000000099180000)
 Metaspace       used 66335K, committed 67648K, reserved 1114112K
  class space    used 7138K, committed 7680K, reserved 1048576K
}

Dll operation events (14 events):
Event: 0.027 Loaded shared library c:\Users\migue\.vscode\extensions\redhat.java-1.53.0-win32-x64\jre\21.0.10-win32-x86_64\bin\java.dll
Event: 0.168 Loaded shared library c:\Users\migue\.vscode\extensions\redhat.java-1.53.0-win32-x64\jre\21.0.10-win32-x86_64\bin\zip.dll
Event: 0.189 Loaded shared library C:\Users\migue\.vscode\extensions\redhat.java-1.53.0-win32-x64\jre\21.0.10-win32-x86_64\bin\instrument.dll
Event: 0.195 Loaded shared library C:\Users\migue\.vscode\extensions\redhat.java-1.53.0-win32-x64\jre\21.0.10-win32-x86_64\bin\net.dll
Event: 0.197 Loaded shared library C:\Users\migue\.vscode\extensions\redhat.java-1.53.0-win32-x64\jre\21.0.10-win32-x86_64\bin\nio.dll
Event: 0.206 Loaded shared library C:\Users\migue\.vscode\extensions\redhat.java-1.53.0-win32-x64\jre\21.0.10-win32-x86_64\bin\zip.dll
Event: 0.254 Loaded shared library C:\Users\migue\.vscode\extensions\redhat.java-1.53.0-win32-x64\jre\21.0.10-win32-x86_64\bin\jimage.dll
Event: 0.376 Loaded shared library c:\Users\migue\.vscode\extensions\redhat.java-1.53.0-win32-x64\jre\21.0.10-win32-x86_64\bin\verify.dll
Event: 2.516 Loaded shared library C:\Users\migue\AppData\Roaming\Code\User\globalStorage\redhat.java\1.53.0\config_win\org.eclipse.equinox.launcher\org.eclipse.equinox.launcher.win32.win32.x86_64_1.3.0.v20260203-2149\eclipse_11919.dll
Event: 5.354 Loaded shared library C:\Users\migue\.vscode\extensions\redhat.java-1.53.0-win32-x64\jre\21.0.10-win32-x86_64\bin\management.dll
Event: 5.366 Loaded shared library C:\Users\migue\.vscode\extensions\redhat.java-1.53.0-win32-x64\jre\21.0.10-win32-x86_64\bin\management_ext.dll
Event: 10.692 Loaded shared library C:\Users\migue\AppData\Local\Temp\jna-103894555\jna3738782967078121753.dll
Event: 12.518 Loaded shared library C:\Users\migue\.vscode\extensions\redhat.java-1.53.0-win32-x64\jre\21.0.10-win32-x86_64\bin\sunmscapi.dll
Event: 13.206 Loaded shared library C:\Users\migue\.vscode\extensions\redhat.java-1.53.0-win32-x64\jre\21.0.10-win32-x86_64\bin\extnet.dll

Deoptimization events (20 events):
Event: 339.664 Thread 0x0000022141d7c730 Uncommon trap: trap_request=0xffffffde fr.pc=0x000002216e327874 relative=0x0000000000002ff4
Event: 339.664 Thread 0x0000022141d7c730 Uncommon trap: reason=class_check action=maybe_recompile pc=0x000002216e327874 method=org.eclipse.core.internal.dtree.DataTreeWriter.writeNode(Lorg/eclipse/core/internal/dtree/AbstractDataTreeNode;Lorg/eclipse/core/runtime/IPath;I)V @ 1 c2
Event: 339.664 Thread 0x0000022141d7c730 DEOPT PACKING pc=0x000002216e327874 sp=0x0000007d13bfecb0
Event: 339.664 Thread 0x0000022141d7c730 DEOPT UNPACKING pc=0x000002216d726da2 sp=0x0000007d13bfec70 mode 2
Event: 339.665 Thread 0x0000022141d7c730 Uncommon trap: trap_request=0xffffffde fr.pc=0x000002216e327874 relative=0x0000000000002ff4
Event: 339.665 Thread 0x0000022141d7c730 Uncommon trap: reason=class_check action=maybe_recompile pc=0x000002216e327874 method=org.eclipse.core.internal.dtree.DataTreeWriter.writeNode(Lorg/eclipse/core/internal/dtree/AbstractDataTreeNode;Lorg/eclipse/core/runtime/IPath;I)V @ 1 c2
Event: 339.665 Thread 0x0000022141d7c730 DEOPT PACKING pc=0x000002216e327874 sp=0x0000007d13bfebf0
Event: 339.665 Thread 0x0000022141d7c730 DEOPT UNPACKING pc=0x000002216d726da2 sp=0x0000007d13bfebb0 mode 2
Event: 339.665 Thread 0x0000022141d7c730 Uncommon trap: trap_request=0xffffffde fr.pc=0x000002216e327874 relative=0x0000000000002ff4
Event: 339.665 Thread 0x0000022141d7c730 Uncommon trap: reason=class_check action=maybe_recompile pc=0x000002216e327874 method=org.eclipse.core.internal.dtree.DataTreeWriter.writeNode(Lorg/eclipse/core/internal/dtree/AbstractDataTreeNode;Lorg/eclipse/core/runtime/IPath;I)V @ 1 c2
Event: 339.665 Thread 0x0000022141d7c730 DEOPT PACKING pc=0x000002216e327874 sp=0x0000007d13bfeb30
Event: 339.665 Thread 0x0000022141d7c730 DEOPT UNPACKING pc=0x000002216d726da2 sp=0x0000007d13bfeaf0 mode 2
Event: 339.672 Thread 0x0000022141d7c730 Uncommon trap: trap_request=0xffffff45 fr.pc=0x000002216e35b36c relative=0x000000000000040c
Event: 339.672 Thread 0x0000022141d7c730 Uncommon trap: reason=unstable_if action=reinterpret pc=0x000002216e35b36c method=org.eclipse.core.internal.resources.SaveManager.lambda$11(Lorg/eclipse/core/internal/resources/MarkerManager;Ljava/io/DataOutputStream;[JLjava/io/DataOutputStream;Lorg/eclip
Event: 339.672 Thread 0x0000022141d7c730 DEOPT PACKING pc=0x000002216e35b36c sp=0x0000007d13bfee30
Event: 339.672 Thread 0x0000022141d7c730 DEOPT UNPACKING pc=0x000002216d726da2 sp=0x0000007d13bfed50 mode 2
Event: 831.298 Thread 0x000002217f4a01f0 Uncommon trap: trap_request=0xffffff45 fr.pc=0x000002216e37f18c relative=0x00000000000003ac
Event: 831.300 Thread 0x000002217f4a01f0 Uncommon trap: reason=unstable_if action=reinterpret pc=0x000002216e37f18c method=org.eclipse.core.internal.resources.SaveManager.lambda$11(Lorg/eclipse/core/internal/resources/MarkerManager;Ljava/io/DataOutputStream;[JLjava/io/DataOutputStream;Lorg/eclip
Event: 831.301 Thread 0x000002217f4a01f0 DEOPT PACKING pc=0x000002216e37f18c sp=0x0000007d137febf0
Event: 831.302 Thread 0x000002217f4a01f0 DEOPT UNPACKING pc=0x000002216d726da2 sp=0x0000007d137feba8 mode 2

Classes loaded (20 events):
Event: 39.361 Loading class java/util/stream/ReduceOps$4
Event: 39.365 Loading class java/util/stream/ReduceOps$4 done
Event: 39.367 Loading class java/util/stream/ReduceOps$4ReducingSink
Event: 39.369 Loading class java/util/stream/ReduceOps$4ReducingSink done
Event: 39.912 Loading class java/util/concurrent/CompletableFuture$UniApply
Event: 39.913 Loading class java/util/concurrent/CompletableFuture$UniApply done
Event: 39.918 Loading class java/util/concurrent/CompletableFuture$UniExceptionally
Event: 39.918 Loading class java/util/concurrent/CompletableFuture$UniExceptionally done
Event: 40.095 Loading class java/nio/file/Files$2
Event: 40.095 Loading class java/nio/file/Files$2 done
Event: 40.101 Loading class java/util/concurrent/ArrayBlockingQueue
Event: 40.101 Loading class java/util/concurrent/ArrayBlockingQueue done
Event: 47.719 Loading class javax/xml/transform/TransformerConfigurationException
Event: 47.721 Loading class javax/xml/transform/TransformerConfigurationException done
Event: 121.545 Loading class java/util/stream/DistinctOps
Event: 121.552 Loading class java/util/stream/DistinctOps done
Event: 121.552 Loading class java/util/stream/DistinctOps$1
Event: 121.564 Loading class java/util/stream/DistinctOps$1 done
Event: 121.588 Loading class java/util/stream/DistinctOps$1$2
Event: 121.591 Loading class java/util/stream/DistinctOps$1$2 done

Classes unloaded (7 events):
Event: 7.201 Thread 0x000002217998f670 Unloading class 0x00000221011acc00 'java/lang/invoke/LambdaForm$MH+0x00000221011acc00'
Event: 7.201 Thread 0x000002217998f670 Unloading class 0x00000221011ac800 'java/lang/invoke/LambdaForm$MH+0x00000221011ac800'
Event: 7.201 Thread 0x000002217998f670 Unloading class 0x00000221011ac400 'java/lang/invoke/LambdaForm$MH+0x00000221011ac400'
Event: 7.201 Thread 0x000002217998f670 Unloading class 0x00000221011ac000 'java/lang/invoke/LambdaForm$MH+0x00000221011ac000'
Event: 7.201 Thread 0x000002217998f670 Unloading class 0x00000221011abc00 'java/lang/invoke/LambdaForm$BMH+0x00000221011abc00'
Event: 7.201 Thread 0x000002217998f670 Unloading class 0x00000221011ab800 'java/lang/invoke/LambdaForm$DMH+0x00000221011ab800'
Event: 7.201 Thread 0x000002217998f670 Unloading class 0x00000221011aa400 'java/lang/invoke/LambdaForm$DMH+0x00000221011aa400'

Classes redefined (0 events):
No events

Internal exceptions (20 events):
Event: 46.868 Thread 0x0000022141d7a660 Exception <a 'sun/nio/fs/WindowsException'{0x00000000d563fc50}> (0x00000000d563fc50) 
thrown [s\src\hotspot\share\prims\jni.cpp, line 520]
Event: 47.380 Thread 0x0000022141d7a660 Exception <a 'sun/nio/fs/WindowsException'{0x00000000d57a7770}> (0x00000000d57a7770) 
thrown [s\src\hotspot\share\prims\jni.cpp, line 520]
Event: 47.592 Thread 0x0000022143503c60 Exception <a 'sun/nio/fs/WindowsException'{0x00000000d55b9218}> (0x00000000d55b9218) 
thrown [s\src\hotspot\share\prims\jni.cpp, line 520]
Event: 47.593 Thread 0x0000022143503c60 Exception <a 'sun/nio/fs/WindowsException'{0x00000000d561be18}> (0x00000000d561be18) 
thrown [s\src\hotspot\share\prims\jni.cpp, line 520]
Event: 47.595 Thread 0x0000022143503c60 Exception <a 'sun/nio/fs/WindowsException'{0x00000000d561d3c8}> (0x00000000d561d3c8) 
thrown [s\src\hotspot\share\prims\jni.cpp, line 520]
Event: 47.595 Thread 0x0000022143503c60 Exception <a 'sun/nio/fs/WindowsException'{0x00000000d561de78}> (0x00000000d561de78) 
thrown [s\src\hotspot\share\prims\jni.cpp, line 520]
Event: 47.596 Thread 0x0000022143503c60 Exception <a 'sun/nio/fs/WindowsException'{0x00000000d5651068}> (0x00000000d5651068) 
thrown [s\src\hotspot\share\prims\jni.cpp, line 520]
Event: 47.596 Thread 0x0000022143503c60 Exception <a 'sun/nio/fs/WindowsException'{0x00000000d5651b18}> (0x00000000d5651b18) 
thrown [s\src\hotspot\share\prims\jni.cpp, line 520]
Event: 47.597 Thread 0x0000022143503c60 Exception <a 'sun/nio/fs/WindowsException'{0x00000000d56530e0}> (0x00000000d56530e0) 
thrown [s\src\hotspot\share\prims\jni.cpp, line 520]
Event: 47.597 Thread 0x0000022143503c60 Exception <a 'sun/nio/fs/WindowsException'{0x00000000d5653b28}> (0x00000000d5653b28) 
thrown [s\src\hotspot\share\prims\jni.cpp, line 520]
Event: 47.671 Thread 0x0000022143505d30 Exception <a 'java/lang/NoSuchMethodError'{0x00000000d55c0bc0}: 'java.lang.Object java.lang.invoke.DirectMethodHandle$Holder.invokeStaticInit(java.lang.Object, java.lang.Object, java.lang.Object)'> (0x00000000d55c0bc0) 
thrown [s\src\hotspot\share\interpreter\linkResolver.cpp, line 773]
Event: 60.596 Thread 0x0000022141d7fbb0 Exception <a 'java/lang/IncompatibleClassChangeError'{0x00000000d5662e48}: Found class java.lang.Object, but interface was expected> (0x00000000d5662e48) 
thrown [s\src\hotspot\share\interpreter\linkResolver.cpp, line 840]
Event: 112.922 Thread 0x0000022141d7fbb0 Exception <a 'java/lang/IncompatibleClassChangeError'{0x00000000d56ae758}: Found class java.lang.Object, but interface was expected> (0x00000000d56ae758) 
thrown [s\src\hotspot\share\interpreter\linkResolver.cpp, line 840]
Event: 121.727 Thread 0x0000022141d7c0a0 Exception <a 'java/lang/NoSuchMethodError'{0x00000000d57f3e70}: 'java.lang.Object java.lang.invoke.DirectMethodHandle$Holder.invokeStatic(java.lang.Object, java.lang.Object, int, java.lang.Object)'> (0x00000000d57f3e70) 
thrown [s\src\hotspot\share\interpreter\linkResolver.cpp, line 773]
Event: 121.739 Thread 0x0000022141d7c0a0 Exception <a 'java/lang/NoSuchMethodError'{0x00000000d57fb978}: 'java.lang.Object java.lang.invoke.DirectMethodHandle$Holder.newInvokeSpecial(java.lang.Object, java.lang.Object, int)'> (0x00000000d57fb978) 
thrown [s\src\hotspot\share\interpreter\linkResolver.cpp, line 773]
Event: 121.805 Thread 0x0000022141d7a660 Exception <a 'sun/nio/fs/WindowsException'{0x00000000d5697e88}> (0x00000000d5697e88) 
thrown [s\src\hotspot\share\prims\jni.cpp, line 520]
Event: 122.095 Thread 0x000002217f4a01f0 Exception <a 'sun/nio/fs/WindowsException'{0x00000000d5851b80}> (0x00000000d5851b80) 
thrown [s\src\hotspot\share\prims\jni.cpp, line 520]
Event: 126.281 Thread 0x000002217f4a01f0 Exception <a 'sun/nio/fs/WindowsException'{0x00000000d56087e8}> (0x00000000d56087e8) 
thrown [s\src\hotspot\share\prims\jni.cpp, line 520]
Event: 305.543 Thread 0x0000022141d7c730 Exception <a 'sun/nio/fs/WindowsException'{0x00000000d580ffe0}> (0x00000000d580ffe0) 
thrown [s\src\hotspot\share\prims\jni.cpp, line 520]
Event: 307.243 Thread 0x000002217f4a01f0 Implicit null exception at 0x000002216e4d48b3 to 0x000002216e4d63a0

ZGC Phase Switch (0 events):
No events

VM Operations (20 events):
Event: 3046.892 Executing safepoint VM operation: Cleanup
Event: 3046.900 Executing safepoint VM operation: Cleanup done
Event: 3067.071 Executing non-safepoint VM operation: HandshakeAllThreads (HandshakeForDeflation)
Event: 3067.074 Executing non-safepoint VM operation: HandshakeAllThreads (HandshakeForDeflation) done
Event: 3067.075 Executing non-safepoint VM operation: RendezvousGCThreads
Event: 3067.075 Executing non-safepoint VM operation: RendezvousGCThreads done
Event: 3098.314 Executing safepoint VM operation: Cleanup
Event: 3098.318 Executing safepoint VM operation: Cleanup done
Event: 3100.328 Executing safepoint VM operation: Cleanup
Event: 3100.328 Executing safepoint VM operation: Cleanup done
Event: 3127.218 Executing non-safepoint VM operation: HandshakeAllThreads (HandshakeForDeflation)
Event: 3127.218 Executing non-safepoint VM operation: HandshakeAllThreads (HandshakeForDeflation) done
Event: 3127.218 Executing non-safepoint VM operation: RendezvousGCThreads
Event: 3127.218 Executing non-safepoint VM operation: RendezvousGCThreads done
Event: 3427.946 Executing non-safepoint VM operation: HandshakeAllThreads (HandshakeForDeflation)
Event: 3427.951 Executing non-safepoint VM operation: HandshakeAllThreads (HandshakeForDeflation) done
Event: 3427.951 Executing non-safepoint VM operation: RendezvousGCThreads
Event: 3427.951 Executing non-safepoint VM operation: RendezvousGCThreads done
Event: 3548.776 Executing safepoint VM operation: Cleanup
Event: 3548.779 Executing safepoint VM operation: Cleanup done

Memory protections (0 events):
No events

Nmethod flushes (20 events):
Event: 36.857 Thread 0x000002217998f670 flushing  nmethod 0x0000022166a94090
Event: 36.857 Thread 0x000002217998f670 flushing  nmethod 0x0000022166a9e010
Event: 36.857 Thread 0x000002217998f670 flushing  nmethod 0x0000022166aa2410
Event: 36.857 Thread 0x000002217998f670 flushing  nmethod 0x0000022166aa6890
Event: 36.858 Thread 0x000002217998f670 flushing  nmethod 0x0000022166aa6e10
Event: 36.858 Thread 0x000002217998f670 flushing  nmethod 0x0000022166aa7e10
Event: 36.858 Thread 0x000002217998f670 flushing  nmethod 0x0000022166aa8390
Event: 36.858 Thread 0x000002217998f670 flushing  nmethod 0x0000022166aa8810
Event: 36.858 Thread 0x000002217998f670 flushing  nmethod 0x0000022166aa8d90
Event: 36.858 Thread 0x000002217998f670 flushing  nmethod 0x0000022166aa9110
Event: 36.858 Thread 0x000002217998f670 flushing  nmethod 0x0000022166aa9610
Event: 36.858 Thread 0x000002217998f670 flushing  nmethod 0x0000022166aa9c10
Event: 36.858 Thread 0x000002217998f670 flushing  nmethod 0x0000022166aaab10
Event: 36.858 Thread 0x000002217998f670 flushing  nmethod 0x0000022166aab390
Event: 36.858 Thread 0x000002217998f670 flushing  nmethod 0x0000022166aac490
Event: 36.859 Thread 0x000002217998f670 flushing  nmethod 0x0000022166aacc90
Event: 36.859 Thread 0x000002217998f670 flushing  nmethod 0x0000022166ab0c10
Event: 36.859 Thread 0x000002217998f670 flushing  nmethod 0x0000022166ac2c90
Event: 36.859 Thread 0x000002217998f670 flushing  nmethod 0x0000022166b30310
Event: 36.859 Thread 0x000002217998f670 flushing  nmethod 0x0000022166b46110

Events (20 events):
Event: 1272.256 Thread 0x0000022143504980 Thread exited: 0x0000022143504980
Event: 1272.256 Thread 0x0000022143503c60 Thread exited: 0x0000022143503c60
Event: 2239.616 Thread 0x0000022141d7c730 Thread added: 0x00000221435056a0
Event: 2239.629 Thread 0x00000221435056a0 Thread exited: 0x00000221435056a0
Event: 2239.661 Thread 0x0000022141d7c730 Thread added: 0x00000221435056a0
Event: 2239.662 Thread 0x00000221435056a0 Thread added: 0x0000022143503c60
Event: 2239.663 Thread 0x00000221435056a0 Thread exited: 0x00000221435056a0
Event: 2239.663 Thread 0x0000022143503c60 Thread exited: 0x0000022143503c60
Event: 2721.822 Thread 0x000002217f4a01f0 Thread added: 0x0000022143505d30
Event: 2721.835 Thread 0x0000022143505d30 Thread exited: 0x0000022143505d30
Event: 2721.868 Thread 0x000002217f4a01f0 Thread added: 0x00000221435056a0
Event: 2721.870 Thread 0x00000221435056a0 Thread added: 0x0000022143503c60
Event: 2721.871 Thread 0x00000221435056a0 Thread exited: 0x00000221435056a0
Event: 2721.871 Thread 0x0000022143503c60 Thread exited: 0x0000022143503c60
Event: 3370.847 Thread 0x000002217f4a01f0 Thread added: 0x0000022143503c60
Event: 3370.864 Thread 0x0000022143503c60 Thread exited: 0x0000022143503c60
Event: 3370.902 Thread 0x000002217f4a01f0 Thread added: 0x0000022143502f40
Event: 3370.904 Thread 0x0000022143502f40 Thread added: 0x00000221435028b0
Event: 3370.906 Thread 0x0000022143502f40 Thread exited: 0x0000022143502f40
Event: 3370.906 Thread 0x00000221435028b0 Thread exited: 0x00000221435028b0


Dynamic libraries:
0x00007ff760660000 - 0x00007ff76066e000 	c:\Users\migue\.vscode\extensions\redhat.java-1.53.0-win32-x64\jre\21.0.10-win32-x86_64\bin\java.exe
0x00007ff907f20000 - 0x00007ff908187000 	C:\WINDOWS\SYSTEM32\ntdll.dll
0x00007ff9072b0000 - 0x00007ff907379000 	C:\WINDOWS\System32\KERNEL32.DLL
0x00007ff9058c0000 - 0x00007ff905cb1000 	C:\WINDOWS\System32\KERNELBASE.dll
0x00007ff905340000 - 0x00007ff90548b000 	C:\WINDOWS\System32\ucrtbase.dll
0x00007ff85ee00000 - 0x00007ff85ee18000 	c:\Users\migue\.vscode\extensions\redhat.java-1.53.0-win32-x64\jre\21.0.10-win32-x86_64\bin\jli.dll
0x00007ff85ee20000 - 0x00007ff85ee3e000 	c:\Users\migue\.vscode\extensions\redhat.java-1.53.0-win32-x64\jre\21.0.10-win32-x86_64\bin\VCRUNTIME140.dll
0x00007ff9060a0000 - 0x00007ff906265000 	C:\WINDOWS\System32\USER32.dll
0x00007ff905070000 - 0x00007ff905097000 	C:\WINDOWS\System32\win32u.dll
0x00007ff907420000 - 0x00007ff90744b000 	C:\WINDOWS\System32\GDI32.dll
0x00007ff905160000 - 0x00007ff90528b000 	C:\WINDOWS\System32\gdi32full.dll
0x00007ff905290000 - 0x00007ff905333000 	C:\WINDOWS\System32\msvcp_win.dll
0x00007ff8d5bf0000 - 0x00007ff8d5e83000 	C:\WINDOWS\WinSxS\amd64_microsoft.windows.common-controls_6595b64144ccf1df_6.0.26100.8037_none_3e092faae333b53b\COMCTL32.dll
0x00007ff905fc0000 - 0x00007ff906069000 	C:\WINDOWS\System32\msvcrt.dll
0x00007ff905cc0000 - 0x00007ff905cf1000 	C:\WINDOWS\System32\IMM32.DLL
0x00007ff88d3d0000 - 0x00007ff88d3dc000 	c:\Users\migue\.vscode\extensions\redhat.java-1.53.0-win32-x64\jre\21.0.10-win32-x86_64\bin\vcruntime140_1.dll
0x00007ff85ed70000 - 0x00007ff85edfd000 	c:\Users\migue\.vscode\extensions\redhat.java-1.53.0-win32-x64\jre\21.0.10-win32-x86_64\bin\msvcp140.dll
0x00007ff8544b0000 - 0x00007ff855251000 	c:\Users\migue\.vscode\extensions\redhat.java-1.53.0-win32-x64\jre\21.0.10-win32-x86_64\bin\server\jvm.dll
0x00007ff907c90000 - 0x00007ff907d4b000 	C:\WINDOWS\System32\ADVAPI32.dll
0x00007ff907950000 - 0x00007ff9079f7000 	C:\WINDOWS\System32\sechost.dll
0x00007ff907d50000 - 0x00007ff907e68000 	C:\WINDOWS\System32\RPCRT4.dll
0x00007ff907b10000 - 0x00007ff907b84000 	C:\WINDOWS\System32\WS2_32.dll
0x00007ff904680000 - 0x00007ff9046de000 	C:\WINDOWS\SYSTEM32\POWRPROF.dll
0x00007ff8f8010000 - 0x00007ff8f8045000 	C:\WINDOWS\SYSTEM32\WINMM.dll
0x00007ff8fe500000 - 0x00007ff8fe50b000 	C:\WINDOWS\SYSTEM32\VERSION.dll
0x00007ff904660000 - 0x00007ff904674000 	C:\WINDOWS\SYSTEM32\UMPDC.dll
0x00007ff903560000 - 0x00007ff90357b000 	C:\WINDOWS\SYSTEM32\kernel.appcore.dll
0x00007ff88c3e0000 - 0x00007ff88c3ea000 	c:\Users\migue\.vscode\extensions\redhat.java-1.53.0-win32-x64\jre\21.0.10-win32-x86_64\bin\jimage.dll
0x00007ff9027b0000 - 0x00007ff9029f2000 	C:\WINDOWS\SYSTEM32\DBGHELP.DLL
0x00007ff906f20000 - 0x00007ff9072a2000 	C:\WINDOWS\System32\combase.dll
0x00007ff905ee0000 - 0x00007ff905fb7000 	C:\WINDOWS\System32\OLEAUT32.dll
0x00007ff88d3e0000 - 0x00007ff88d41b000 	C:\WINDOWS\SYSTEM32\dbgcore.DLL
0x00007ff905810000 - 0x00007ff9058b5000 	C:\WINDOWS\System32\bcryptPrimitives.dll
0x00007ff88be90000 - 0x00007ff88be9f000 	c:\Users\migue\.vscode\extensions\redhat.java-1.53.0-win32-x64\jre\21.0.10-win32-x86_64\bin\instrument.dll
0x00007ff85ed50000 - 0x00007ff85ed70000 	c:\Users\migue\.vscode\extensions\redhat.java-1.53.0-win32-x64\jre\21.0.10-win32-x86_64\bin\java.dll
0x00007ff9067b0000 - 0x00007ff906f0f000 	C:\WINDOWS\System32\SHELL32.dll
0x00007ff905490000 - 0x00007ff9055fa000 	C:\WINDOWS\System32\wintypes.dll
0x00007ff904800000 - 0x00007ff905064000 	C:\WINDOWS\System32\windows.storage.dll
0x00007ff907b90000 - 0x00007ff907c87000 	C:\WINDOWS\System32\SHCORE.dll
0x00007ff907e70000 - 0x00007ff907ed7000 	C:\WINDOWS\System32\shlwapi.dll
0x00007ff904720000 - 0x00007ff904749000 	C:\WINDOWS\SYSTEM32\profapi.dll
0x00007ff85ed30000 - 0x00007ff85ed48000 	c:\Users\migue\.vscode\extensions\redhat.java-1.53.0-win32-x64\jre\21.0.10-win32-x86_64\bin\zip.dll
0x00007ff888bf0000 - 0x00007ff888c00000 	C:\Users\migue\.vscode\extensions\redhat.java-1.53.0-win32-x64\jre\21.0.10-win32-x86_64\bin\net.dll
0x00007ff8fc200000 - 0x00007ff8fc327000 	C:\WINDOWS\SYSTEM32\WINHTTP.dll
0x00007ff903ab0000 - 0x00007ff903b1b000 	C:\WINDOWS\system32\mswsock.dll
0x00007ff85ed10000 - 0x00007ff85ed26000 	C:\Users\migue\.vscode\extensions\redhat.java-1.53.0-win32-x64\jre\21.0.10-win32-x86_64\bin\nio.dll
0x00007ff873ca0000 - 0x00007ff873cb0000 	c:\Users\migue\.vscode\extensions\redhat.java-1.53.0-win32-x64\jre\21.0.10-win32-x86_64\bin\verify.dll
0x00007ff854400000 - 0x00007ff854445000 	C:\Users\migue\AppData\Roaming\Code\User\globalStorage\redhat.java\1.53.0\config_win\org.eclipse.equinox.launcher\org.eclipse.equinox.launcher.win32.win32.x86_64_1.3.0.v20260203-2149\eclipse_11919.dll
0x00007ff906610000 - 0x00007ff9067a5000 	C:\WINDOWS\System32\ole32.dll
0x00007ff8f9210000 - 0x00007ff8f921a000 	C:\Users\migue\.vscode\extensions\redhat.java-1.53.0-win32-x64\jre\21.0.10-win32-x86_64\bin\management.dll
0x00007ff8f9200000 - 0x00007ff8f920c000 	C:\Users\migue\.vscode\extensions\redhat.java-1.53.0-win32-x64\jre\21.0.10-win32-x86_64\bin\management_ext.dll
0x00007ff907380000 - 0x00007ff907388000 	C:\WINDOWS\System32\PSAPI.DLL
0x00007ff903de0000 - 0x00007ff903dfb000 	C:\WINDOWS\SYSTEM32\CRYPTSP.dll
0x00007ff9034c0000 - 0x00007ff9034f9000 	C:\WINDOWS\system32\rsaenh.dll
0x00007ff903b70000 - 0x00007ff903ba2000 	C:\WINDOWS\SYSTEM32\USERENV.dll
0x00007ff9046f0000 - 0x00007ff90471a000 	C:\WINDOWS\SYSTEM32\bcrypt.dll
0x00007ff903e00000 - 0x00007ff903e0c000 	C:\WINDOWS\SYSTEM32\CRYPTBASE.dll
0x00007ff902f40000 - 0x00007ff902f73000 	C:\WINDOWS\SYSTEM32\IPHLPAPI.DLL
0x00007ff907a00000 - 0x00007ff907a0a000 	C:\WINDOWS\System32\NSI.dll
0x00007ff8d27b0000 - 0x00007ff8d27f9000 	C:\Users\migue\AppData\Local\Temp\jna-103894555\jna3738782967078121753.dll
0x00007ff8fe510000 - 0x00007ff8fe52d000 	C:\WINDOWS\SYSTEM32\dhcpcsvc6.DLL
0x00007ff8fe4d0000 - 0x00007ff8fe4f3000 	C:\WINDOWS\SYSTEM32\dhcpcsvc.DLL
0x00007ff8f9220000 - 0x00007ff8f922e000 	C:\Users\migue\.vscode\extensions\redhat.java-1.53.0-win32-x64\jre\21.0.10-win32-x86_64\bin\sunmscapi.dll
0x00007ff905600000 - 0x00007ff905777000 	C:\WINDOWS\System32\CRYPT32.dll
0x00007ff904000000 - 0x00007ff904030000 	C:\WINDOWS\SYSTEM32\ncrypt.dll
0x00007ff903fb0000 - 0x00007ff903fef000 	C:\WINDOWS\SYSTEM32\NTASN1.dll
0x00007ff902fd0000 - 0x00007ff9030fa000 	C:\WINDOWS\SYSTEM32\DNSAPI.dll
0x00007ff8fb400000 - 0x00007ff8fb40b000 	C:\Windows\System32\rasadhlp.dll
0x00007ff8fe740000 - 0x00007ff8fe7c6000 	C:\WINDOWS\System32\fwpuclnt.dll
0x00007ff8f8750000 - 0x00007ff8f8759000 	C:\Users\migue\.vscode\extensions\redhat.java-1.53.0-win32-x64\jre\21.0.10-win32-x86_64\bin\extnet.dll

JVMTI agents:
c:\Users\migue\.vscode\extensions\redhat.java-1.53.0-win32-x64\lombok\lombok-1.18.39-4050.jar path:c:\Users\migue\.vscode\extensions\redhat.java-1.53.0-win32-x64\jre\21.0.10-win32-x86_64\bin\instrument.dll, loaded, initialized, instrumentlib options:none

dbghelp: loaded successfully - version: 4.0.5 - missing functions: none
symbol engine: initialized successfully - sym options: 0x614 - pdb path: .;c:\Users\migue\.vscode\extensions\redhat.java-1.53.0-win32-x64\jre\21.0.10-win32-x86_64\bin;C:\WINDOWS\SYSTEM32;C:\WINDOWS\WinSxS\amd64_microsoft.windows.common-controls_6595b64144ccf1df_6.0.26100.8037_none_3e092faae333b53b;c:\Users\migue\.vscode\extensions\redhat.java-1.53.0-win32-x64\jre\21.0.10-win32-x86_64\bin\server;C:\Users\migue\AppData\Roaming\Code\User\globalStorage\redhat.java\1.53.0\config_win\org.eclipse.equinox.launcher\org.eclipse.equinox.launcher.win32.win32.x86_64_1.3.0.v20260203-2149;C:\Users\migue\AppData\Local\Temp\jna-103894555

VM Arguments:
jvm_args: --add-modules=ALL-SYSTEM --add-opens=java.base/java.util=ALL-UNNAMED --add-opens=java.base/java.lang=ALL-UNNAMED --add-opens=java.base/sun.nio.fs=ALL-UNNAMED -Declipse.application=org.eclipse.jdt.ls.core.id1 -Dosgi.bundles.defaultStartLevel=4 -Declipse.product=org.eclipse.jdt.ls.core.product -Djava.import.generatesMetadataFilesAtProjectRoot=false -DDetectVMInstallationsJob.disabled=true -Dfile.encoding=utf8 -XX:+UseParallelGC -XX:GCTimeRatio=4 -XX:AdaptiveSizePolicyWeight=90 -Dsun.zip.disableMemoryMapping=true -Xmx2G -Xms100m -Xlog:disable -javaagent:c:\Users\migue\.vscode\extensions\redhat.java-1.53.0-win32-x64\lombok\lombok-1.18.39-4050.jar -XX:+HeapDumpOnOutOfMemoryError -XX:HeapDumpPath=c:\Users\migue\AppData\Roaming\Code\User\workspaceStorage\8976ede451be9424b29e7c57f4eaa9fb\redhat.java -Daether.dependencyCollector.impl=bf 
java_command: c:\Users\migue\.vscode\extensions\redhat.java-1.53.0-win32-x64\server\plugins\org.eclipse.equinox.launcher_1.7.100.v20251111-0406.jar -configuration c:\Users\migue\AppData\Roaming\Code\User\globalStorage\redhat.java\1.53.0\config_win -data c:\Users\migue\AppData\Roaming\Code\User\workspaceStorage\8976ede451be9424b29e7c57f4eaa9fb\redhat.java\jdt_ws --pipe=\\.\pipe\lsp-91f8175c91ccfd8445154426c71f5d86-sock
java_class_path (initial): c:\Users\migue\.vscode\extensions\redhat.java-1.53.0-win32-x64\server\plugins\org.eclipse.equinox.launcher_1.7.100.v20251111-0406.jar
Launcher Type: SUN_STANDARD

[Global flags]
    uintx AdaptiveSizePolicyWeight                 = 90                                        {product} {command line}
     intx CICompilerCount                          = 3                                         {product} {ergonomic}
    uintx GCTimeRatio                              = 4                                         {product} {command line}
     bool HeapDumpOnOutOfMemoryError               = true                                   {manageable} {command line}
    ccstr HeapDumpPath                             = c:\Users\migue\AppData\Roaming\Code\User\workspaceStorage\8976ede451be9424b29e7c57f4eaa9fb\redhat.java         {manageable} {command line}
   size_t InitialHeapSize                          = 104857600                                 {product} {command line}
   size_t MaxHeapSize                              = 2147483648                                {product} {command line}
   size_t MaxNewSize                               = 715653120                                 {product} {ergonomic}
   size_t MinHeapDeltaBytes                        = 524288                                    {product} {ergonomic}
   size_t MinHeapSize                              = 104857600                                 {product} {command line}
   size_t NewSize                                  = 34603008                                  {product} {ergonomic}
    uintx NonNMethodCodeHeapSize                   = 5832780                                {pd product} {ergonomic}
    uintx NonProfiledCodeHeapSize                  = 122912730                              {pd product} {ergonomic}
   size_t OldSize                                  = 70254592                                  {product} {ergonomic}
    uintx ProfiledCodeHeapSize                     = 122912730                              {pd product} {ergonomic}
    uintx ReservedCodeCacheSize                    = 251658240                              {pd product} {ergonomic}
     bool SegmentedCodeCache                       = true                                      {product} {ergonomic}
   size_t SoftMaxHeapSize                          = 2147483648                             {manageable} {ergonomic}
     bool UseCompressedOops                        = true                           {product lp64_product} {ergonomic}
     bool UseLargePagesIndividualAllocation        = false                                  {pd product} {ergonomic}
     bool UseParallelGC                            = true                                      {product} {command line}

Logging:
Log output configuration:
 #0: stdout all=off uptime,level,tags foldmultilines=false
 #1: stderr all=off uptime,level,tags foldmultilines=false

Release file:
JAVA_VERSION="21.0.10" 
MODULES="java.base java.compiler java.datatransfer java.xml java.prefs java.desktop java.instrument java.logging java.management java.security.sasl java.naming java.rmi java.management.rmi java.net.http java.scripting java.security.jgss java.transaction.xa java.sql java.sql.rowset java.xml.crypto java.se java.smartcardio jdk.accessibility jdk.internal.jvmstat jdk.attach jdk.charsets jdk.internal.opt jdk.zipfs jdk.compiler jdk.crypto.ec jdk.crypto.cryptoki jdk.crypto.mscapi jdk.dynalink jdk.internal.ed jdk.editpad jdk.hotspot.agent jdk.httpserver jdk.internal.le jdk.internal.vm.ci jdk.internal.vm.compiler jdk.internal.vm.compiler.management jdk.jartool jdk.javadoc jdk.jcmd jdk.management jdk.management.agent jdk.jconsole jdk.jdeps jdk.jdwp.agent jdk.jdi jdk.jfr jdk.jshell jdk.jsobject jdk.jstatd jdk.localedata jdk.management.jfr jdk.naming.dns jdk.naming.rmi jdk.net jdk.nio.mapmode jdk.random jdk.sctp jdk.security.auth jdk.security.jgss jdk.unsupported jdk.unsupported.desktop jdk.xml.dom" 

Environment Variables:
PATH=C:\Users\migue\AppData\Local\cloud-code\installer\google-cloud-sdk\bin;C:\Users\migue\AppData\Local\Programs\Microsoft VS Code;C:\WINDOWS\system32;C:\WINDOWS;C:\WINDOWS\System32\Wbem;C:\WINDOWS\System32\WindowsPowerShell\v1.0\;C:\WINDOWS\System32\OpenSSH\;C:\Program Files\apache-maven-3.9.14\bin;C:\Program Files\nodejs\;C:\Users\migue\AppData\Local\Programs\Eclipse Adoptium\jdk-17.0.18.8-hotspot\bin;C:\Users\migue\AppData\Local\Microsoft\WindowsApps;C:\Users\migue\AppData\Local\Programs\Microsoft VS Code\bin;C:\Program Files\apache-maven-3.9.14\bin;C:\Users\migue\AppData\Local\Google\Cloud SDK\google-cloud-sdk\bin;C:\Users\migue\AppData\Local\Programs\Antigravity\bin;C:\Users\migue\AppData\Roaming\npm;C:\Users\migue\AppData\Local\Google\Cloud SDK\google-cloud-sdk\bin;C:\Program Files (x86)\Google\Cloud SDK\google-cloud-sdk\bin;C:\Program Files\Google\Cloud SDK\google-cloud-sdk\bin
USERNAME=migue
OS=Windows_NT
PROCESSOR_IDENTIFIER=Intel64 Family 6 Model 140 Stepping 2, GenuineIntel
TMP=C:\Users\migue\AppData\Local\Temp
TEMP=C:\Users\migue\AppData\Local\Temp




Periodic native trim disabled

---------------  S Y S T E M  ---------------

OS:
 Windows 11 , 64 bit Build 26100 (10.0.26100.7920)
OS uptime: 0 days 7:49 hours
Hyper-V role detected

CPU: total 4 (initial active 4) (2 cores per cpu, 2 threads per core) family 6 model 140 stepping 2 microcode 0x26, cx8, cmov, fxsr, ht, mmx, 3dnowpref, sse, sse2, sse3, ssse3, sse4.1, sse4.2, popcnt, lzcnt, tsc, tscinvbit, avx, avx2, aes, erms, clmul, bmi1, bmi2, adx, avx512f, avx512dq, avx512cd, avx512bw, avx512vl, sha, fma, vzeroupper, avx512_vpopcntdq, avx512_vpclmulqdq, avx512_vaes, avx512_vnni, clflush, clflushopt, clwb, avx512_vbmi2, avx512_vbmi, hv, rdtscp, rdpid, fsrm, gfni, avx512_bitalg, f16c, cet_ibt, cet_ss, avx512_ifma
Processor Information for the first 4 processors :
  Max Mhz: 2995, Current Mhz: 2995, Mhz Limit: 2995

Memory: 4k page, system-wide physical 3879M (272M free)
TotalPageFile size 15655M (AvailPageFile size 81M)
current process WorkingSet (physical memory assigned to process): 33M, peak: 437M
current process commit charge ("private bytes"): 658M, peak: 689M

vm_info: OpenJDK 64-Bit Server VM (21.0.10+7-LTS) for windows-amd64 JRE (21.0.10+7-LTS), built on 2026-01-20T00:00:00Z by "admin" with MS VC++ 17.12 (VS2022)

END.
